2015-08-11 09:33:40 - INFO: Command Interpreter Module starting... - 198
2015-08-11 09:33:40 - INFO: Starting the arguments parsing process... - 216
2015-08-11 09:33:40 - ERROR: dictionary update sequence element #0 has length 1; 2 is required - Check that the command to be executed is properly written. - 231
2016/07/26 14:25:09 main                           INFO    'Command Interpreter Module starting...'- (command_interpreter, line 155)
2016/07/26 14:25:09 main                           INFO    '['123.34.21.21']'- (command_interpreter, line 161)
2016/07/26 14:25:09 load_cmdl_into_dictionary      INFO    'Starting command line arguments parsing process...'- (command_interpreter, line 122)
2016/07/26 14:25:09 __init__                       ERROR   'Unable to parse command line argument 123.34.21.21, verify that the command line parameters are properly specified'- (sanitize, line 34)
2016/07/26 14:30:09 main                           INFO    'Command Interpreter Module starting...'- (command_interpreter, line 155)
2016/07/26 14:30:09 main                           INFO    '['123.34.21.21']'- (command_interpreter, line 161)
2016/07/26 14:30:09 load_cmdl_into_dictionary      INFO    'Starting command line arguments parsing process...'- (command_interpreter, line 122)
2016/07/26 14:30:09 __init__                       ERROR   'Unable to parse command line argument 123.34.21.21, verify that the command line parameters are properly specified'- (sanitize, line 34)
2016/07/26 14:30:41 main                           INFO    'Command Interpreter Module starting...'- (command_interpreter, line 155)
2016/07/26 14:30:41 main                           INFO    '['--Hardware[CPU].Frequency=2G', '--Hardware[Memory].Size=2000M', '--ExecutionType=Full']'- (command_interpreter, line 161)
2016/07/26 14:30:41 load_cmdl_into_dictionary      INFO    'Starting command line arguments parsing process...'- (command_interpreter, line 122)
2016/07/26 14:30:41 load_cmdl_into_dictionary      INFO    'These are the parameters parsed from command line: {'Hardware': {'CPU': {'Frequency': '2G'}, 'Memory': {'Size': '2000M'}}, 'ExecutionType': 'ExecutionType'} '- (command_interpreter, line 142)
2016/07/26 14:30:41 load_json_into_dictionary      ERROR   '[Errno 2] No such file or directory: 'pycache_default.json' - Unable to open and parse configuration file.'- (tools, line 29)
2016/07/26 14:31:30 main                           INFO    'Command Interpreter Module starting...'- (command_interpreter, line 155)
2016/07/26 14:31:30 main                           INFO    '['--Hardware[CPU].Frequency=2G', '--Hardware[Memory].Size=2000M', '--ExecutionType=Full']'- (command_interpreter, line 161)
2016/07/26 14:31:30 load_cmdl_into_dictionary      INFO    'Starting command line arguments parsing process...'- (command_interpreter, line 122)
2016/07/26 14:31:30 load_cmdl_into_dictionary      INFO    'These are the parameters parsed from command line: {'Hardware': {'CPU': {'Frequency': '2G'}, 'Memory': {'Size': '2000M'}}, 'ExecutionType': 'ExecutionType'} '- (command_interpreter, line 142)
2016/07/26 14:31:30 load_json_into_dictionary      ERROR   '[Errno 2] No such file or directory: 'pycache_default.json' - Unable to open and parse configuration file.'- (tools, line 29)
2016/07/26 14:31:56 main                           INFO    'Command Interpreter Module starting...'- (command_interpreter, line 155)
2016/07/26 14:31:56 main                           INFO    '['--Hardware[CPU].Frequency=2G', '--Hardware[Memory].Size=2000M', '--ExecutionType=Full']'- (command_interpreter, line 161)
2016/07/26 14:31:56 load_cmdl_into_dictionary      INFO    'Starting command line arguments parsing process...'- (command_interpreter, line 122)
2016/07/26 14:31:56 load_cmdl_into_dictionary      INFO    'These are the parameters parsed from command line: {'Hardware': {'CPU': {'Frequency': '2G'}, 'Memory': {'Size': '2000M'}}, 'ExecutionType': 'ExecutionType'} '- (command_interpreter, line 142)
2016/07/26 14:31:56 load_json_into_dictionary      ERROR   '[Errno 2] No such file or directory: 'pycache_default.json' - Unable to open and parse configuration file.'- (tools, line 29)
2016/07/26 14:46:50 main                           INFO    'Command Interpreter Module starting...'- (command_interpreter, line 155)
2016/07/26 14:46:50 main                           INFO    '['--Hardware[CPU].Frequency=2G', '--Hardware[Memory].Size=2000M', '--ExecutionType=Full']'- (command_interpreter, line 161)
2016/07/26 14:46:50 load_cmdl_into_dictionary      INFO    'Starting command line arguments parsing process...'- (command_interpreter, line 122)
2016/07/26 14:46:50 load_cmdl_into_dictionary      INFO    'These are the parameters parsed from command line: {'Hardware': {'CPU': {'Frequency': '2G'}, 'Memory': {'Size': '2000M'}}, 'ExecutionType': 'ExecutionType'} '- (command_interpreter, line 142)
2016/07/26 14:46:50 load_json_into_dictionary      ERROR   '[Errno 2] No such file or directory: '/cfg/pycache_default.json' - Unable to open and parse configuration file.'- (tools, line 29)
2016/07/26 14:49:56 main                           INFO    'Command Interpreter Module starting...'- (command_interpreter, line 155)
2016/07/26 14:49:56 main                           INFO    '['--Hardware[CPU].Frequency=2G', '--Hardware[Memory].Size=2000M', '--ExecutionType=Full']'- (command_interpreter, line 161)
2016/07/26 14:49:56 load_cmdl_into_dictionary      INFO    'Starting command line arguments parsing process...'- (command_interpreter, line 122)
2016/07/26 14:49:56 load_cmdl_into_dictionary      INFO    'These are the parameters parsed from command line: {'Hardware': {'CPU': {'Frequency': '2G'}, 'Memory': {'Size': '2000M'}}, 'ExecutionType': 'ExecutionType'} '- (command_interpreter, line 142)
2016/07/26 14:49:56 load_json_into_dictionary      ERROR   'Expecting property name: line 1 column 2 (char 1) - Unable to open and parse configuration file.'- (tools, line 28)
2016/07/26 14:52:41 main                           INFO    'Command Interpreter Module starting...'- (command_interpreter, line 155)
2016/07/26 14:52:41 main                           INFO    '['--Hardware[CPU].Frequency=2G', '--Hardware[Memory].Size=2000M', '--ExecutionType=Full']'- (command_interpreter, line 161)
2016/07/26 14:52:41 load_cmdl_into_dictionary      INFO    'Starting command line arguments parsing process...'- (command_interpreter, line 122)
2016/07/26 14:52:41 load_cmdl_into_dictionary      INFO    'These are the parameters parsed from command line: {'Hardware': {'CPU': {'Frequency': '2G'}, 'Memory': {'Size': '2000M'}}, 'ExecutionType': 'ExecutionType'} '- (command_interpreter, line 142)
2016/07/26 14:52:41 load_config_file_into_dictionary INFO    'Starting config file parsing process...'- (command_interpreter, line 98)
2016/07/26 14:54:47 main                           INFO    'Command Interpreter Module starting...'- (command_interpreter, line 155)
2016/07/26 14:54:47 main                           INFO    '['--Hardware[CPU].Frequency=2G', '--Hardware[Memory].Size=2000M', '--ExecutionType=Full']'- (command_interpreter, line 161)
2016/07/26 14:54:47 load_cmdl_into_dictionary      INFO    'Starting command line arguments parsing process...'- (command_interpreter, line 122)
2016/07/26 14:54:47 load_cmdl_into_dictionary      INFO    'These are the parameters parsed from command line: {'Hardware': {'CPU': {'Frequency': '2G'}, 'Memory': {'Size': '2000M'}}, 'ExecutionType': 'ExecutionType'} '- (command_interpreter, line 142)
2016/07/26 14:54:47 load_config_file_into_dictionary INFO    'Starting config file parsing process...'- (command_interpreter, line 98)
2016/07/26 14:54:47 __init__                       ERROR   'Unable to parse configuration file: ERROR ({hard})({CPU})({Frequency})=({88G})'- (sanitize, line 34)
2016/07/26 15:01:03 main                           INFO    'Command Interpreter Module starting...'- (command_interpreter, line 155)
2016/07/26 15:01:03 main                           INFO    '['--Hardware[CPU].Frequency=2G', '--Hardware[Memory].Size=2000M', '--ExecutionType=Full']'- (command_interpreter, line 161)
2016/07/26 15:01:03 load_cmdl_into_dictionary      INFO    'Starting command line arguments parsing process...'- (command_interpreter, line 122)
2016/07/26 15:01:03 load_cmdl_into_dictionary      INFO    'These are the parameters parsed from command line: {'Hardware': {'CPU': {'Frequency': '2G'}, 'Memory': {'Size': '2000M'}}, 'ExecutionType': 'ExecutionType'} '- (command_interpreter, line 142)
2016/07/26 15:01:03 load_config_file_into_dictionary INFO    'Starting config file parsing process...'- (command_interpreter, line 98)
2016/07/26 15:01:03 __init__                       ERROR   'Unable to parse configuration file: ERROR ({hard})({CPU})({Frequency})=({88G})'- (sanitize, line 34)
2016/07/26 15:02:07 main                           INFO    'Command Interpreter Module starting...'- (command_interpreter, line 155)
2016/07/26 15:02:07 main                           INFO    '['--Hardware[CPU].Frequency=2G', '--Hardware[Memory].Size=2000M', '--ExecutionType=Full']'- (command_interpreter, line 161)
2016/07/26 15:02:07 load_cmdl_into_dictionary      INFO    'Starting command line arguments parsing process...'- (command_interpreter, line 122)
2016/07/26 15:02:07 load_cmdl_into_dictionary      INFO    'These are the parameters parsed from command line: {'Hardware': {'CPU': {'Frequency': '2G'}, 'Memory': {'Size': '2000M'}}, 'ExecutionType': 'ExecutionType'} '- (command_interpreter, line 142)
2016/07/26 15:02:07 load_config_file_into_dictionary INFO    'Starting config file parsing process...'- (command_interpreter, line 98)
2016/07/26 15:02:07 __init__                       ERROR   'Unable to parse configuration file: ERROR ({hard})({CPU})({Frequency})=({88G})'- (sanitize, line 34)
2016/07/26 15:04:10 main                           INFO    'Command Interpreter Module starting...'- (command_interpreter, line 155)
2016/07/26 15:04:10 main                           INFO    '['--Hardware[CPU].Frequency=2G', '--Hardware[Memory].Size=2000M', '--ExecutionType=Full']'- (command_interpreter, line 161)
2016/07/26 15:04:10 load_cmdl_into_dictionary      INFO    'Starting command line arguments parsing process...'- (command_interpreter, line 122)
2016/07/26 15:04:10 load_cmdl_into_dictionary      INFO    'These are the parameters parsed from command line: {'Hardware': {'CPU': {'Frequency': '2G'}, 'Memory': {'Size': '2000M'}}, 'ExecutionType': 'ExecutionType'} '- (command_interpreter, line 142)
2016/07/26 15:04:10 load_config_file_into_dictionary INFO    'Starting config file parsing process...'- (command_interpreter, line 98)
2016/07/26 15:04:10 __init__                       ERROR   '--hard[CPU].Frequency=88G: Option Error, hard is not allowed argument key. Check your input configuration.'- (sanitize, line 22)
2016/07/26 15:04:51 main                           INFO    'Command Interpreter Module starting...'- (command_interpreter, line 155)
2016/07/26 15:04:51 main                           INFO    '['--Hardware[CPU].Frequency=2G', '--Hardware[Memory].Size=2000M', '--ExecutionType=Full']'- (command_interpreter, line 161)
2016/07/26 15:04:51 load_cmdl_into_dictionary      INFO    'Starting command line arguments parsing process...'- (command_interpreter, line 122)
2016/07/26 15:04:51 load_cmdl_into_dictionary      INFO    'These are the parameters parsed from command line: {'Hardware': {'CPU': {'Frequency': '2G'}, 'Memory': {'Size': '2000M'}}, 'ExecutionType': 'ExecutionType'} '- (command_interpreter, line 142)
2016/07/26 15:04:51 load_config_file_into_dictionary INFO    'Starting config file parsing process...'- (command_interpreter, line 98)
2016/07/26 15:04:51 __init__                       ERROR   '--Execution_Type=Step: Option Error, Execution_Type is not allowed argument key. Check your input configuration.'- (sanitize, line 22)
2016/07/26 15:05:07 main                           INFO    'Command Interpreter Module starting...'- (command_interpreter, line 155)
2016/07/26 15:05:07 main                           INFO    '['--Hardware[CPU].Frequency=2G', '--Hardware[Memory].Size=2000M', '--ExecutionType=Full']'- (command_interpreter, line 161)
2016/07/26 15:05:07 load_cmdl_into_dictionary      INFO    'Starting command line arguments parsing process...'- (command_interpreter, line 122)
2016/07/26 15:05:07 load_cmdl_into_dictionary      INFO    'These are the parameters parsed from command line: {'Hardware': {'CPU': {'Frequency': '2G'}, 'Memory': {'Size': '2000M'}}, 'ExecutionType': 'ExecutionType'} '- (command_interpreter, line 142)
2016/07/26 15:05:07 load_config_file_into_dictionary INFO    'Starting config file parsing process...'- (command_interpreter, line 98)
2016/07/26 15:06:50 main                           INFO    'Command Interpreter Module starting...'- (command_interpreter, line 155)
2016/07/26 15:06:50 main                           INFO    '['--Hardware[CPU].Frequency=2G', '--Hardware[Memory].Size=2000M', '--ExecutionType=Full']'- (command_interpreter, line 161)
2016/07/26 15:06:50 load_cmdl_into_dictionary      INFO    'Starting command line arguments parsing process...'- (command_interpreter, line 122)
2016/07/26 15:06:50 load_cmdl_into_dictionary      INFO    'These are the parameters parsed from command line: {'Hardware': {'CPU': {'Frequency': '2G'}, 'Memory': {'Size': '2000M'}}, 'ExecutionType': 'ExecutionType'} '- (command_interpreter, line 142)
2016/07/26 15:06:50 load_config_file_into_dictionary INFO    'Starting config file parsing process...'- (command_interpreter, line 98)
2016/07/26 15:09:37 main                           INFO    'Command Interpreter Module starting...'- (command_interpreter, line 155)
2016/07/26 15:09:37 main                           INFO    '['--Hardware[CPU].Frequency=2G', '--Hardware[Memory].Size=2000M', '--ExecutionType=Full']'- (command_interpreter, line 161)
2016/07/26 15:09:37 load_cmdl_into_dictionary      INFO    'Starting command line arguments parsing process...'- (command_interpreter, line 122)
2016/07/26 15:09:37 load_cmdl_into_dictionary      INFO    'These are the parameters parsed from command line: {'Hardware': {'CPU': {'Frequency': '2G'}, 'Memory': {'Size': '2000M'}}, 'ExecutionType': 'ExecutionType'} '- (command_interpreter, line 142)
2016/07/26 15:09:37 load_config_file_into_dictionary INFO    'Starting config file parsing process...'- (command_interpreter, line 98)
2016/07/26 15:09:37 main                           INFO    'Final Output dict:'- (command_interpreter, line 183)
2016/07/26 15:11:55 main                           INFO    'Command Interpreter Module starting...'- (command_interpreter, line 155)
2016/07/26 15:11:55 main                           INFO    '['--Hardware[CPU].Frequency=2G', '--Hardware[Memory].Size=2000M', '--ExecutionType=Full']'- (command_interpreter, line 161)
2016/07/26 15:11:55 load_cmdl_into_dictionary      INFO    'Starting command line arguments parsing process...'- (command_interpreter, line 122)
2016/07/26 15:11:55 load_cmdl_into_dictionary      INFO    'These are the parameters parsed from command line: {'Hardware': {'CPU': {'Frequency': '2G'}, 'Memory': {'Size': '2000M'}}, 'ExecutionType': 'ExecutionType'} '- (command_interpreter, line 142)
2016/07/26 15:11:55 load_config_file_into_dictionary INFO    'Starting config file parsing process...'- (command_interpreter, line 98)
2016/07/26 15:11:55 main                           INFO    'Final Output dict:'- (command_interpreter, line 185)
2016/07/26 15:12:39 main                           INFO    'Command Interpreter Module starting...'- (command_interpreter, line 155)
2016/07/26 15:12:39 main                           INFO    '['--Hardware[CPU].Frequency=2G', '--Hardware[Memory].Size=2000M', '--ExecutionType=Full']'- (command_interpreter, line 161)
2016/07/26 15:12:39 load_cmdl_into_dictionary      INFO    'Starting command line arguments parsing process...'- (command_interpreter, line 122)
2016/07/26 15:12:39 load_cmdl_into_dictionary      INFO    'These are the parameters parsed from command line: {'Hardware': {'CPU': {'Frequency': '2G'}, 'Memory': {'Size': '2000M'}}, 'ExecutionType': 'ExecutionType'} '- (command_interpreter, line 142)
2016/07/26 15:12:39 load_config_file_into_dictionary INFO    'Starting config file parsing process...'- (command_interpreter, line 98)
2016/07/26 15:12:39 main                           INFO    'Final Output dict:'- (command_interpreter, line 185)
2016/07/26 15:13:10 main                           INFO    'Command Interpreter Module starting...'- (command_interpreter, line 156)
2016/07/26 15:13:10 main                           INFO    '['--Hardware[CPU].Frequency=2G', '--Hardware[Memory].Size=2000M', '--ExecutionType=Full']'- (command_interpreter, line 162)
2016/07/26 15:13:10 load_cmdl_into_dictionary      INFO    'Starting command line arguments parsing process...'- (command_interpreter, line 123)
2016/07/26 15:13:10 load_cmdl_into_dictionary      INFO    'These are the parameters parsed from command line: {'Hardware': {'CPU': {'Frequency': '2G'}, 'Memory': {'Size': '2000M'}}, 'ExecutionType': 'ExecutionType'} '- (command_interpreter, line 143)
2016/07/26 15:13:10 load_config_file_into_dictionary INFO    'Starting config file parsing process...'- (command_interpreter, line 98)
2016/07/26 15:13:10 main                           INFO    'Final Output dict:'- (command_interpreter, line 186)
2016/07/27 08:21:37 main                           INFO    'Command Interpreter Module starting...'- (command_interpreter, line 156)
2016/07/27 08:21:37 main                           INFO    '['--Hardware[CPU].Frequency=2G', '--Hardware[Memory].Size=2000M', '--ExecutionType=Full']'- (command_interpreter, line 162)
2016/07/27 08:21:37 load_cmdl_into_dictionary      INFO    'Starting command line arguments parsing process...'- (command_interpreter, line 123)
2016/07/27 08:21:37 load_cmdl_into_dictionary      INFO    'These are the parameters parsed from command line: {'Hardware': {'CPU': {'Frequency': '2G'}, 'Memory': {'Size': '2000M'}}, 'ExecutionType': 'ExecutionType'} '- (command_interpreter, line 143)
2016/07/27 08:21:37 load_config_file_into_dictionary INFO    'Starting config file parsing process...'- (command_interpreter, line 98)
2016/07/27 08:21:37 main                           INFO    'Final Output dict:'- (command_interpreter, line 188)
2016/07/27 08:24:14 main                           INFO    'Command Interpreter Module starting...'- (command_interpreter, line 157)
2016/07/27 08:24:14 main                           INFO    '['--Hardware[CPU].Frequency=2G', '--Hardware[Memory].Size=2000M', '--ExecutionType=Full']'- (command_interpreter, line 163)
2016/07/27 08:24:14 load_cmdl_into_dictionary      INFO    'Starting command line arguments parsing process...'- (command_interpreter, line 124)
2016/07/27 08:24:14 load_cmdl_into_dictionary      INFO    'These are the parameters parsed from command line: {'Hardware': {'CPU': {'Frequency': '2G'}, 'Memory': {'Size': '2000M'}}, 'ExecutionType': 'ExecutionType'} '- (command_interpreter, line 144)
2016/07/27 08:24:14 load_config_file_into_dictionary INFO    'Starting config file parsing process...'- (command_interpreter, line 98)
2016/07/27 08:24:14 main                           INFO    'Final Output dict:'- (command_interpreter, line 189)
2016/07/27 08:26:01 main                           INFO    'Command Interpreter Module starting...'- (command_interpreter, line 158)
2016/07/27 08:26:01 main                           INFO    '['--Hardware[CPU].Frequency=2G', '--Hardware[Memory].Size=2000M', '--ExecutionType=Full']'- (command_interpreter, line 164)
2016/07/27 08:26:01 load_cmdl_into_dictionary      INFO    'Starting command line arguments parsing process...'- (command_interpreter, line 125)
2016/07/27 08:26:01 load_cmdl_into_dictionary      INFO    'These are the parameters parsed from command line: {'Hardware': {'CPU': {'Frequency': '2G'}, 'Memory': {'Size': '2000M'}}, 'ExecutionType': 'ExecutionType'} '- (command_interpreter, line 145)
2016/07/27 08:26:01 load_config_file_into_dictionary INFO    'Starting config file parsing process...'- (command_interpreter, line 98)
2016/07/27 08:26:01 load_config_file_into_dictionary CRITICAL '[u'({Hardware})({CPU})({Frequency})=({88G})', u'({Hardware})({CPU})({Size})=({756745M})', u'({Hardware})({Memory})({Size})=({500000M})', u'({ExecutionType})=({Step})']'- (command_interpreter, line 105)
2016/07/27 08:26:01 main                           INFO    'Final Output dict:'- (command_interpreter, line 190)
2016/07/27 08:27:53 main                           INFO    'Command Interpreter Module starting...'- (command_interpreter, line 157)
2016/07/27 08:27:53 main                           INFO    '['--Hardware[CPU].Frequency=2G', '--Hardware[Memory].Size=2000M', '--ExecutionType=Full']'- (command_interpreter, line 163)
2016/07/27 08:27:53 load_cmdl_into_dictionary      INFO    'Starting command line arguments parsing process...'- (command_interpreter, line 124)
2016/07/27 08:27:53 load_cmdl_into_dictionary      INFO    'These are the parameters parsed from command line: {'Hardware': {'CPU': {'Frequency': '2G'}, 'Memory': {'Size': '2000M'}}, 'ExecutionType': 'ExecutionType'} '- (command_interpreter, line 144)
2016/07/27 08:27:53 load_config_file_into_dictionary INFO    'Starting config file parsing process...'- (command_interpreter, line 98)
2016/07/27 08:27:53 load_config_file_into_dictionary CRITICAL '['Hardware', 'CPU', 'Frequency', '88G']'- (command_interpreter, line 109)
2016/07/27 08:27:53 load_config_file_into_dictionary CRITICAL '['Hardware', 'CPU', 'Size', '756745M']'- (command_interpreter, line 109)
2016/07/27 08:27:53 load_config_file_into_dictionary CRITICAL '['Hardware', 'Memory', 'Size', '500000M']'- (command_interpreter, line 109)
2016/07/27 08:27:53 load_config_file_into_dictionary CRITICAL '['ExecutionType', 'Step']'- (command_interpreter, line 109)
2016/07/27 08:27:53 main                           INFO    'Final Output dict:'- (command_interpreter, line 189)
2016/07/27 08:28:23 main                           INFO    'Command Interpreter Module starting...'- (command_interpreter, line 157)
2016/07/27 08:28:23 main                           INFO    '['--Hardware[CPU].Frequency=2G', '--Hardware[Memory].Size=2000M', '--ExecutionType=Full']'- (command_interpreter, line 163)
2016/07/27 08:28:23 load_cmdl_into_dictionary      INFO    'Starting command line arguments parsing process...'- (command_interpreter, line 124)
2016/07/27 08:28:23 load_cmdl_into_dictionary      INFO    'These are the parameters parsed from command line: {'Hardware': {'CPU': {'Frequency': '2G'}, 'Memory': {'Size': '2000M'}}, 'ExecutionType': 'ExecutionType'} '- (command_interpreter, line 144)
2016/07/27 08:28:23 load_config_file_into_dictionary INFO    'Starting config file parsing process...'- (command_interpreter, line 98)
2016/07/27 08:28:23 load_config_file_into_dictionary CRITICAL '{'Hardware': {'CPU': {'Frequency': '88G'}}}'- (command_interpreter, line 113)
2016/07/27 08:28:23 load_config_file_into_dictionary CRITICAL '{'Hardware': {'CPU': {'Size': '756745M'}}}'- (command_interpreter, line 113)
2016/07/27 08:28:23 load_config_file_into_dictionary CRITICAL '{'Hardware': {'Memory': {'Size': '500000M'}}}'- (command_interpreter, line 113)
2016/07/27 08:28:23 load_config_file_into_dictionary CRITICAL '{'ExecutionType': 'ExecutionType'}'- (command_interpreter, line 113)
2016/07/27 08:28:23 main                           INFO    'Final Output dict:'- (command_interpreter, line 189)
2016/07/27 08:29:20 main                           INFO    'Command Interpreter Module starting...'- (command_interpreter, line 157)
2016/07/27 08:29:20 main                           INFO    '['--Hardware[CPU].Frequency=2G', '--Hardware[Memory].Size=2000M', '--ExecutionType=Full']'- (command_interpreter, line 163)
2016/07/27 08:29:20 load_cmdl_into_dictionary      INFO    'Starting command line arguments parsing process...'- (command_interpreter, line 124)
2016/07/27 08:29:20 load_cmdl_into_dictionary      INFO    'These are the parameters parsed from command line: {'Hardware': {'CPU': {'Frequency': '2G'}, 'Memory': {'Size': '2000M'}}, 'ExecutionType': 'ExecutionType'} '- (command_interpreter, line 144)
2016/07/27 08:29:20 load_config_file_into_dictionary INFO    'Starting config file parsing process...'- (command_interpreter, line 98)
2016/07/27 08:29:20 load_config_file_into_dictionary CRITICAL '{'Hardware': {'CPU': {'Frequency': '88G'}}}'- (command_interpreter, line 113)
2016/07/27 08:29:20 load_config_file_into_dictionary CRITICAL '{'Hardware': {'CPU': {'Frequency': '88G', 'Size': '756745M'}}}'- (command_interpreter, line 113)
2016/07/27 08:29:20 load_config_file_into_dictionary CRITICAL '{'Hardware': {'CPU': {'Frequency': '88G', 'Size': '756745M'}, 'Memory': {'Size': '500000M'}}}'- (command_interpreter, line 113)
2016/07/27 08:29:20 load_config_file_into_dictionary CRITICAL '{'Hardware': {'CPU': {'Frequency': '88G', 'Size': '756745M'}, 'Memory': {'Size': '500000M'}}, 'ExecutionType': 'ExecutionType'}'- (command_interpreter, line 113)
2016/07/27 08:29:20 main                           INFO    'Final Output dict:'- (command_interpreter, line 189)
2016/07/27 08:37:18 main                           INFO    'Command Interpreter Module starting...'- (command_interpreter, line 157)
2016/07/27 08:37:18 main                           INFO    '['--Hardware[CPU].Frequency=2G', '--Hardware[Memory].Size=2000M', '--ExecutionType=Full']'- (command_interpreter, line 163)
2016/07/27 08:37:18 load_cmdl_into_dictionary      INFO    'Starting command line arguments parsing process...'- (command_interpreter, line 124)
2016/07/27 08:37:18 load_cmdl_into_dictionary      INFO    'These are the parameters parsed from command line: {'Hardware': {'CPU': {'Frequency': '2G'}, 'Memory': {'Size': '2000M'}}, 'ExecutionType': 'ExecutionType'} '- (command_interpreter, line 144)
2016/07/27 08:37:18 load_config_file_into_dictionary INFO    'Starting config file parsing process...'- (command_interpreter, line 98)
2016/07/27 08:37:18 load_config_file_into_dictionary CRITICAL '{'Hardware': {'CPU': {'Frequency': '88G'}}}'- (command_interpreter, line 113)
2016/07/27 08:37:18 load_config_file_into_dictionary CRITICAL '{'Hardware': {'CPU': {'Frequency': '88G', 'Size': '756745M'}}}'- (command_interpreter, line 113)
2016/07/27 08:37:18 load_config_file_into_dictionary CRITICAL '{'Hardware': {'CPU': {'Frequency': '88G', 'Size': '756745M'}, 'Memory': {'Size': '500000M'}}}'- (command_interpreter, line 113)
2016/07/27 08:37:18 load_config_file_into_dictionary CRITICAL '{'Hardware': {'CPU': {'Frequency': '88G', 'Size': '756745M'}, 'Memory': {'Size': '500000M'}}, 'ExecutionType': 'ExecutionType'}'- (command_interpreter, line 113)
2016/07/27 08:45:25 main                           INFO    'Command Interpreter Module starting...'- (command_interpreter, line 157)
2016/07/27 08:45:25 main                           INFO    '['--Hardware[CPU].Frequency=2G', '--Hardware[Memory].Size=2000M', '--ExecutionType=Full']'- (command_interpreter, line 163)
2016/07/27 08:45:25 load_cmdl_into_dictionary      INFO    'Starting command line arguments parsing process...'- (command_interpreter, line 124)
2016/07/27 08:45:25 load_cmdl_into_dictionary      INFO    'These are the parameters parsed from command line: {'Hardware': {'CPU': {'Frequency': '2G'}, 'Memory': {'Size': '2000M'}}, 'ExecutionType': 'ExecutionType'} '- (command_interpreter, line 144)
2016/07/27 08:45:25 load_config_file_into_dictionary INFO    'Starting config file parsing process...'- (command_interpreter, line 98)
2016/07/27 08:45:25 load_config_file_into_dictionary CRITICAL '{'Hardware': {'CPU': {'Frequency': '88G'}}}'- (command_interpreter, line 113)
2016/07/27 08:45:25 load_config_file_into_dictionary CRITICAL '{'Hardware': {'CPU': {'Frequency': '88G', 'Size': '756745M'}}}'- (command_interpreter, line 113)
2016/07/27 08:45:25 load_config_file_into_dictionary CRITICAL '{'Hardware': {'CPU': {'Frequency': '88G', 'Size': '756745M'}, 'Memory': {'Size': '500000M'}}}'- (command_interpreter, line 113)
2016/07/27 08:45:25 load_config_file_into_dictionary CRITICAL '{'Hardware': {'CPU': {'Frequency': '88G', 'Size': '756745M'}, 'Memory': {'Size': '500000M'}}, 'ExecutionType': 'ExecutionType'}'- (command_interpreter, line 113)
2016/07/27 08:45:25 main                           INFO    'Final Output dict:'- (command_interpreter, line 186)
2016/07/27 08:46:26 main                           INFO    'Command Interpreter Module starting...'- (command_interpreter, line 157)
2016/07/27 08:46:26 main                           INFO    '['--Hardware[CPU].Frequency=2G', '--Hardware[Memory].Size=2000M', '--ExecutionType=Full']'- (command_interpreter, line 163)
2016/07/27 08:46:26 load_cmdl_into_dictionary      INFO    'Starting command line arguments parsing process...'- (command_interpreter, line 124)
2016/07/27 08:46:26 load_cmdl_into_dictionary      INFO    'These are the parameters parsed from command line: {'Hardware': {'CPU': {'Frequency': '2G'}, 'Memory': {'Size': '2000M'}}, 'ExecutionType': 'ExecutionType'} '- (command_interpreter, line 144)
2016/07/27 08:46:26 load_config_file_into_dictionary INFO    'Starting config file parsing process...'- (command_interpreter, line 98)
2016/07/27 08:46:26 __init__                       ERROR   '--Hardware[Cache].Size=10M: Option Error, Hardware is not allowed argument key. Check your input configuration.'- (sanitize, line 22)
2016/07/27 11:34:56 main                           INFO    'Command Interpreter Module starting...'- (command_interpreter, line 157)
2016/07/27 11:34:56 main                           INFO    '['--Hardware[CPU].Frequency=2G', '--Hardware[Memory].Size=2000M', '--ExecutionType=Full']'- (command_interpreter, line 163)
2016/07/27 11:34:56 load_cmdl_into_dictionary      INFO    'Starting command line arguments parsing process...'- (command_interpreter, line 124)
2016/07/27 11:34:56 load_cmdl_into_dictionary      INFO    'These are the parameters parsed from command line: {'Hardware': {'CPU': {'Frequency': '2G'}, 'Memory': {'Size': '2000M'}}, 'ExecutionType': 'ExecutionType'} '- (command_interpreter, line 144)
2016/07/27 11:34:56 load_config_file_into_dictionary INFO    'Starting config file parsing process...'- (command_interpreter, line 98)
2016/07/27 11:34:56 load_config_file_into_dictionary CRITICAL '{'Hardware': {'Cache': {'Size': '10M'}}}'- (command_interpreter, line 113)
2016/07/27 11:34:56 load_config_file_into_dictionary CRITICAL '{'Hardware': {'Cache': {'Size': '10M'}, 'CPU': {'Frequency': '88G'}}}'- (command_interpreter, line 113)
2016/07/27 11:34:56 load_config_file_into_dictionary CRITICAL '{'Hardware': {'Cache': {'Size': '10M'}, 'CPU': {'Frequency': '88G', 'Size': '756745M'}}}'- (command_interpreter, line 113)
2016/07/27 11:34:56 load_config_file_into_dictionary CRITICAL '{'Hardware': {'Cache': {'Size': '10M'}, 'CPU': {'Frequency': '88G', 'Size': '756745M'}, 'Memory': {'Size': '500000M'}}}'- (command_interpreter, line 113)
2016/07/27 11:34:56 load_config_file_into_dictionary CRITICAL '{'Hardware': {'Cache': {'Size': '10M'}, 'CPU': {'Frequency': '88G', 'Size': '756745M'}, 'Memory': {'Size': '500000M'}}, 'ExecutionType': 'ExecutionType'}'- (command_interpreter, line 113)
2016/07/27 11:34:56 main                           INFO    'Final Output dict:'- (command_interpreter, line 186)
2016/07/27 11:36:00 main                           INFO    'Command Interpreter Module starting...'- (command_interpreter, line 157)
2016/07/27 11:36:00 main                           INFO    '['--Hardware[CPU].Frequency=2G', '--Hardware[Memory].Size=2000M', '--ExecutionType=Full']'- (command_interpreter, line 163)
2016/07/27 11:36:00 load_cmdl_into_dictionary      INFO    'Starting command line arguments parsing process...'- (command_interpreter, line 124)
2016/07/27 11:36:00 load_cmdl_into_dictionary      INFO    'These are the parameters parsed from command line: {'Hardware': {'CPU': {'Frequency': '2G'}, 'Memory': {'Size': '2000M'}}, 'ExecutionType': 'Full'} '- (command_interpreter, line 144)
2016/07/27 11:36:00 load_config_file_into_dictionary INFO    'Starting config file parsing process...'- (command_interpreter, line 98)
2016/07/27 11:36:00 load_config_file_into_dictionary CRITICAL '{'Hardware': {'Cache': {'Size': '10M'}}}'- (command_interpreter, line 113)
2016/07/27 11:36:00 load_config_file_into_dictionary CRITICAL '{'Hardware': {'Cache': {'Size': '10M'}, 'CPU': {'Frequency': '88G'}}}'- (command_interpreter, line 113)
2016/07/27 11:36:00 load_config_file_into_dictionary CRITICAL '{'Hardware': {'Cache': {'Size': '10M'}, 'CPU': {'Frequency': '88G', 'Size': '756745M'}}}'- (command_interpreter, line 113)
2016/07/27 11:36:00 load_config_file_into_dictionary CRITICAL '{'Hardware': {'Cache': {'Size': '10M'}, 'CPU': {'Frequency': '88G', 'Size': '756745M'}, 'Memory': {'Size': '500000M'}}}'- (command_interpreter, line 113)
2016/07/27 11:36:00 load_config_file_into_dictionary CRITICAL '{'Hardware': {'Cache': {'Size': '10M'}, 'CPU': {'Frequency': '88G', 'Size': '756745M'}, 'Memory': {'Size': '500000M'}}, 'ExecutionType': 'Step'}'- (command_interpreter, line 113)
2016/07/27 11:36:00 main                           INFO    'Final Output dict:'- (command_interpreter, line 186)
